SF:lib/utils/validator.dart
DA:2,2
DA:6,2
DA:9,2
DA:15,2
DA:19,2
DA:22,2
LF:6
LH:6
end_of_record
SF:lib/controller/login_controller.dart
DA:8,3
DA:10,1
DA:11,2
DA:12,2
DA:13,1
DA:18,2
DA:19,3
DA:21,0
LF:8
LH:7
end_of_record
SF:lib/model/login_response.dart
DA:4,1
DA:14,1
DA:15,1
DA:16,1
DA:17,1
DA:18,1
DA:22,3
DA:29,1
LF:8
LH:8
end_of_record
SF:lib/controller/posts_controller.dart
DA:7,2
DA:9,2
DA:10,8
DA:12,4
DA:13,2
DA:15,1
LF:6
LH:6
end_of_record
SF:lib/model/post.dart
DA:4,3
DA:20,2
DA:21,2
DA:22,2
DA:23,2
DA:24,2
DA:25,2
DA:26,2
DA:27,2
DA:31,1
DA:32,2
DA:33,4
LF:12
LH:12
end_of_record
SF:lib/view/home_page.dart
DA:8,1
DA:11,1
DA:12,1
DA:18,1
DA:20,1
DA:21,4
DA:24,1
DA:26,1
DA:27,1
DA:29,1
DA:30,2
DA:31,1
DA:32,2
DA:36,2
DA:41,0
DA:42,0
DA:43,0
DA:44,0
DA:45,0
DA:46,0
DA:47,0
DA:48,0
DA:54,0
DA:55,0
DA:56,0
DA:57,0
LF:26
LH:14
end_of_record
SF:lib/view/login_screen.dart
DA:11,3
DA:13,2
DA:14,2
DA:24,1
DA:25,3
DA:26,0
DA:27,0
DA:31,0
DA:32,0
DA:33,0
DA:36,0
DA:41,2
DA:43,2
DA:44,2
DA:47,2
DA:48,2
DA:49,2
DA:50,2
DA:51,2
DA:53,2
DA:54,2
DA:56,2
DA:59,2
DA:61,2
DA:62,2
DA:67,2
DA:70,2
DA:71,2
LF:28
LH:22
end_of_record
SF:lib/model/user.dart
DA:2,1
DA:10,1
DA:11,1
DA:12,1
DA:13,1
LF:5
LH:5
end_of_record
SF:lib/main.dart
DA:4,0
DA:5,0
DA:9,2
DA:12,1
DA:14,1
DA:16,1
DA:17,1
LF:7
LH:5
end_of_record
